[2022-11-11 17:22:18] local.ERROR: SQLSTATE[HY000] [2002] No connection could be made because the target machine actively refused it (SQL: select * from `settings` limit 1) {"exception":"[object] (Illuminate\\Database\\QueryException(code: 2002): SQLSTATE[HY000] [2002] No connection could be made because the target machine actively refused it (SQL: select * from `settings` limit 1) at C:\\xampp\\htdocs\\result_laravel\\vendor\\laravel\\framework\\src\\Illuminate\\Database\\Connection.php:759)
[stacktrace]
#0 C:\\xampp\\htdocs\\result_laravel\\vendor\\laravel\\framework\\src\\Illuminate\\Database\\Connection.php(719): Illuminate\\Database\\Connection->runQueryCallback('select * from `...', Array, Object(Closure))
#1 C:\\xampp\\htdocs\\result_laravel\\vendor\\laravel\\framework\\src\\Illuminate\\Database\\Connection.php(421): Illuminate\\Database\\Connection->run('select * from `...', Array, Object(Closure))
#2 C:\\xampp\\htdocs\\result_laravel\\vendor\\laravel\\framework\\src\\Illuminate\\Database\\Query\\Builder.php(2630): Illuminate\\Database\\Connection->select('select * from `...', Array, true)
#3 C:\\xampp\\htdocs\\result_laravel\\vendor\\laravel\\framework\\src\\Illuminate\\Database\\Query\\Builder.php(2618): Illuminate\\Database\\Query\\Builder->runSelect()
#4 C:\\xampp\\htdocs\\result_laravel\\vendor\\laravel\\framework\\src\\Illuminate\\Database\\Query\\Builder.php(3154): Illuminate\\Database\\Query\\Builder->Illuminate\\Database\\Query\\{closure}()
#5 C:\\xampp\\htdocs\\result_laravel\\vendor\\laravel\\framework\\src\\Illuminate\\Database\\Query\\Builder.php(2619): Illuminate\\Database\\Query\\Builder->onceWithColumns(Array, Object(Closure))
#6 C:\\xampp\\htdocs\\result_laravel\\vendor\\laravel\\framework\\src\\Illuminate\\Database\\Eloquent\\Builder.php(699): Illuminate\\Database\\Query\\Builder->get(Array)
#7 C:\\xampp\\htdocs\\result_laravel\\vendor\\laravel\\framework\\src\\Illuminate\\Database\\Eloquent\\Builder.php(683): Illuminate\\Database\\Eloquent\\Builder->getModels(Array)
#8 C:\\xampp\\htdocs\\result_laravel\\vendor\\laravel\\framework\\src\\Illuminate\\Database\\Concerns\\BuildsQueries.php(296): Illuminate\\Database\\Eloquent\\Builder->get(Array)
#9 C:\\xampp\\htdocs\\result_laravel\\vendor\\laravel\\framework\\src\\Illuminate\\Support\\Traits\\ForwardsCalls.php(23): Illuminate\\Database\\Eloquent\\Builder->first()
#10 C:\\xampp\\htdocs\\result_laravel\\vendor\\laravel\\framework\\src\\Illuminate\\Database\\Eloquent\\Model.php(2191): Illuminate\\Database\\Eloquent\\Model->forwardCallTo(Object(Illuminate\\Database\\Eloquent\\Builder), 'first', Array)
#11 C:\\xampp\\htdocs\\result_laravel\\vendor\\laravel\\framework\\src\\Illuminate\\Database\\Eloquent\\Model.php(2203): Illuminate\\Database\\Eloquent\\Model->__call('first', Array)
#12 C:\\xampp\\htdocs\\result_laravel\\app\\Providers\\AppServiceProvider.php(31): Illuminate\\Database\\Eloquent\\Model::__callStatic('first', Array)
#13 C:\\xampp\\htdocs\\result_laravel\\vendor\\laravel\\framework\\src\\Illuminate\\Container\\BoundMethod.php(36): App\\Providers\\AppServiceProvider->boot()
#14 C:\\xampp\\htdocs\\result_laravel\\vendor\\laravel\\framework\\src\\Illuminate\\Container\\Util.php(41): Illuminate\\Container\\BoundMethod::Illuminate\\Container\\{closure}()
#15 C:\\xampp\\htdocs\\result_laravel\\vendor\\laravel\\framework\\src\\Illuminate\\Container\\BoundMethod.php(93): Illuminate\\Container\\Util::unwrapIfClosure(Object(Closure))
#16 C:\\xampp\\htdocs\\result_laravel\\vendor\\laravel\\framework\\src\\Illuminate\\Container\\BoundMethod.php(37): Illuminate\\Container\\BoundMethod::callBoundMethod(Object(Illuminate\\Foundation\\Application), Array, Object(Closure))
#17 C:\\xampp\\htdocs\\result_laravel\\vendor\\laravel\\framework\\src\\Illuminate\\Container\\Container.php(651): Illuminate\\Container\\BoundMethod::call(Object(Illuminate\\Foundation\\Application), Array, Array, NULL)
#18 C:\\xampp\\htdocs\\result_laravel\\vendor\\laravel\\framework\\src\\Illuminate\\Foundation\\Application.php(930): Illuminate\\Container\\Container->call(Array)
#19 C:\\xampp\\htdocs\\result_laravel\\vendor\\laravel\\framework\\src\\Illuminate\\Foundation\\Application.php(911): Illuminate\\Foundation\\Application->bootProvider(Object(App\\Providers\\AppServiceProvider))
#20 [internal function]: Illuminate\\Foundation\\Application->Illuminate\\Foundation\\{closure}(Object(App\\Providers\\AppServiceProvider), 21)
#21 C:\\xampp\\htdocs\\result_laravel\\vendor\\laravel\\framework\\src\\Illuminate\\Foundation\\Application.php(912): array_walk(Array, Object(Closure))
#22 C:\\xampp\\htdocs\\result_laravel\\vendor\\laravel\\framework\\src\\Illuminate\\Foundation\\Bootstrap\\BootProviders.php(17): Illuminate\\Foundation\\Application->boot()
#23 C:\\xampp\\htdocs\\result_laravel\\vendor\\laravel\\framework\\src\\Illuminate\\Foundation\\Application.php(239): Illuminate\\Foundation\\Bootstrap\\BootProviders->bootstrap(Object(Illuminate\\Foundation\\Application))
#24 C:\\xampp\\htdocs\\result_laravel\\vendor\\laravel\\framework\\src\\Illuminate\\Foundation\\Console\\Kernel.php(310): Illuminate\\Foundation\\Application->bootstrapWith(Array)
#25 C:\\xampp\\htdocs\\result_laravel\\vendor\\laravel\\framework\\src\\Illuminate\\Foundation\\Console\\Kernel.php(127): Illuminate\\Foundation\\Console\\Kernel->bootstrap()
#26 Command line code(1): Illuminate\\Foundation\\Console\\Kernel->handle(Object(Symfony\\Component\\Console\\Input\\ArgvInput), Object(Symfony\\Component\\Console\\Output\\ConsoleOutput))
#27 {main}

[previous exception] [object] (PDOException(code: 2002): SQLSTATE[HY000] [2002] No connection could be made because the target machine actively refused it at C:\\xampp\\htdocs\\result_laravel\\vendor\\laravel\\framework\\src\\Illuminate\\Database\\Connectors\\Connector.php:70)
[stacktrace]
#0 C:\\xampp\\htdocs\\result_laravel\\vendor\\laravel\\framework\\src\\Illuminate\\Database\\Connectors\\Connector.php(70): PDO->__construct('mysql:host=127....', 'root', '', Array)
#1 C:\\xampp\\htdocs\\result_laravel\\vendor\\laravel\\framework\\src\\Illuminate\\Database\\Connectors\\Connector.php(46): Illuminate\\Database\\Connectors\\Connector->createPdoConnection('mysql:host=127....', 'root', '', Array)
#2 C:\\xampp\\htdocs\\result_laravel\\vendor\\laravel\\framework\\src\\Illuminate\\Database\\Connectors\\MySqlConnector.php(24): Illuminate\\Database\\Connectors\\Connector->createConnection('mysql:host=127....', Array, Array)
#3 C:\\xampp\\htdocs\\result_laravel\\vendor\\laravel\\framework\\src\\Illuminate\\Database\\Connectors\\ConnectionFactory.php(184): Illuminate\\Database\\Connectors\\MySqlConnector->connect(Array)
#4 [internal function]: Illuminate\\Database\\Connectors\\ConnectionFactory->Illuminate\\Database\\Connectors\\{closure}()
#5 C:\\xampp\\htdocs\\result_laravel\\vendor\\laravel\\framework\\src\\Illuminate\\Database\\Connection.php(1168): call_user_func(Object(Closure))
#6 C:\\xampp\\htdocs\\result_laravel\\vendor\\laravel\\framework\\src\\Illuminate\\Database\\Connection.php(1204): Illuminate\\Database\\Connection->getPdo()
#7 C:\\xampp\\htdocs\\result_laravel\\vendor\\laravel\\framework\\src\\Illuminate\\Database\\Connection.php(485): Illuminate\\Database\\Connection->getReadPdo()
#8 C:\\xampp\\htdocs\\result_laravel\\vendor\\laravel\\framework\\src\\Illuminate\\Database\\Connection.php(413): Illuminate\\Database\\Connection->getPdoForSelect(true)
#9 C:\\xampp\\htdocs\\result_laravel\\vendor\\laravel\\framework\\src\\Illuminate\\Database\\Connection.php(752): Illuminate\\Database\\Connection->Illuminate\\Database\\{closure}('select * from `...', Array)
#10 C:\\xampp\\htdocs\\result_laravel\\vendor\\laravel\\framework\\src\\Illuminate\\Database\\Connection.php(719): Illuminate\\Database\\Connection->runQueryCallback('select * from `...', Array, Object(Closure))
#11 C:\\xampp\\htdocs\\result_laravel\\vendor\\laravel\\framework\\src\\Illuminate\\Database\\Connection.php(421): Illuminate\\Database\\Connection->run('select * from `...', Array, Object(Closure))
#12 C:\\xampp\\htdocs\\result_laravel\\vendor\\laravel\\framework\\src\\Illuminate\\Database\\Query\\Builder.php(2630): Illuminate\\Database\\Connection->select('select * from `...', Array, true)
#13 C:\\xampp\\htdocs\\result_laravel\\vendor\\laravel\\framework\\src\\Illuminate\\Database\\Query\\Builder.php(2618): Illuminate\\Database\\Query\\Builder->runSelect()
#14 C:\\xampp\\htdocs\\result_laravel\\vendor\\laravel\\framework\\src\\Illuminate\\Database\\Query\\Builder.php(3154): Illuminate\\Database\\Query\\Builder->Illuminate\\Database\\Query\\{closure}()
#15 C:\\xampp\\htdocs\\result_laravel\\vendor\\laravel\\framework\\src\\Illuminate\\Database\\Query\\Builder.php(2619): Illuminate\\Database\\Query\\Builder->onceWithColumns(Array, Object(Closure))
#16 C:\\xampp\\htdocs\\result_laravel\\vendor\\laravel\\framework\\src\\Illuminate\\Database\\Eloquent\\Builder.php(699): Illuminate\\Database\\Query\\Builder->get(Array)
#17 C:\\xampp\\htdocs\\result_laravel\\vendor\\laravel\\framework\\src\\Illuminate\\Database\\Eloquent\\Builder.php(683): Illuminate\\Database\\Eloquent\\Builder->getModels(Array)
#18 C:\\xampp\\htdocs\\result_laravel\\vendor\\laravel\\framework\\src\\Illuminate\\Database\\Concerns\\BuildsQueries.php(296): Illuminate\\Database\\Eloquent\\Builder->get(Array)
#19 C:\\xampp\\htdocs\\result_laravel\\vendor\\laravel\\framework\\src\\Illuminate\\Support\\Traits\\ForwardsCalls.php(23): Illuminate\\Database\\Eloquent\\Builder->first()
#20 C:\\xampp\\htdocs\\result_laravel\\vendor\\laravel\\framework\\src\\Illuminate\\Database\\Eloquent\\Model.php(2191): Illuminate\\Database\\Eloquent\\Model->forwardCallTo(Object(Illuminate\\Database\\Eloquent\\Builder), 'first', Array)
#21 C:\\xampp\\htdocs\\result_laravel\\vendor\\laravel\\framework\\src\\Illuminate\\Database\\Eloquent\\Model.php(2203): Illuminate\\Database\\Eloquent\\Model->__call('first', Array)
#22 C:\\xampp\\htdocs\\result_laravel\\app\\Providers\\AppServiceProvider.php(31): Illuminate\\Database\\Eloquent\\Model::__callStatic('first', Array)
#23 C:\\xampp\\htdocs\\result_laravel\\vendor\\laravel\\framework\\src\\Illuminate\\Container\\BoundMethod.php(36): App\\Providers\\AppServiceProvider->boot()
#24 C:\\xampp\\htdocs\\result_laravel\\vendor\\laravel\\framework\\src\\Illuminate\\Container\\Util.php(41): Illuminate\\Container\\BoundMethod::Illuminate\\Container\\{closure}()
#25 C:\\xampp\\htdocs\\result_laravel\\vendor\\laravel\\framework\\src\\Illuminate\\Container\\BoundMethod.php(93): Illuminate\\Container\\Util::unwrapIfClosure(Object(Closure))
#26 C:\\xampp\\htdocs\\result_laravel\\vendor\\laravel\\framework\\src\\Illuminate\\Container\\BoundMethod.php(37): Illuminate\\Container\\BoundMethod::callBoundMethod(Object(Illuminate\\Foundation\\Application), Array, Object(Closure))
#27 C:\\xampp\\htdocs\\result_laravel\\vendor\\laravel\\framework\\src\\Illuminate\\Container\\Container.php(651): Illuminate\\Container\\BoundMethod::call(Object(Illuminate\\Foundation\\Application), Array, Array, NULL)
#28 C:\\xampp\\htdocs\\result_laravel\\vendor\\laravel\\framework\\src\\Illuminate\\Foundation\\Application.php(930): Illuminate\\Container\\Container->call(Array)
#29 C:\\xampp\\htdocs\\result_laravel\\vendor\\laravel\\framework\\src\\Illuminate\\Foundation\\Application.php(911): Illuminate\\Foundation\\Application->bootProvider(Object(App\\Providers\\AppServiceProvider))
#30 [internal function]: Illuminate\\Foundation\\Application->Illuminate\\Foundation\\{closure}(Object(App\\Providers\\AppServiceProvider), 21)
#31 C:\\xampp\\htdocs\\result_laravel\\vendor\\laravel\\framework\\src\\Illuminate\\Foundation\\Application.php(912): array_walk(Array, Object(Closure))
#32 C:\\xampp\\htdocs\\result_laravel\\vendor\\laravel\\framework\\src\\Illuminate\\Foundation\\Bootstrap\\BootProviders.php(17): Illuminate\\Foundation\\Application->boot()
#33 C:\\xampp\\htdocs\\result_laravel\\vendor\\laravel\\framework\\src\\Illuminate\\Foundation\\Application.php(239): Illuminate\\Foundation\\Bootstrap\\BootProviders->bootstrap(Object(Illuminate\\Foundation\\Application))
#34 C:\\xampp\\htdocs\\result_laravel\\vendor\\laravel\\framework\\src\\Illuminate\\Foundation\\Console\\Kernel.php(310): Illuminate\\Foundation\\Application->bootstrapWith(Array)
#35 C:\\xampp\\htdocs\\result_laravel\\vendor\\laravel\\framework\\src\\Illuminate\\Foundation\\Console\\Kernel.php(127): Illuminate\\Foundation\\Console\\Kernel->bootstrap()
#36 Command line code(1): Illuminate\\Foundation\\Console\\Kernel->handle(Object(Symfony\\Component\\Console\\Input\\ArgvInput), Object(Symfony\\Component\\Console\\Output\\ConsoleOutput))
#37 {main}
"} 
[2022-11-11 17:22:18] local.ERROR: SQLSTATE[HY000] [2002] No connection could be made because the target machine actively refused it (SQL: select * from `settings` limit 1) {"exception":"[object] (Illuminate\\Database\\QueryException(code: 2002): SQLSTATE[HY000] [2002] No connection could be made because the target machine actively refused it (SQL: select * from `settings` limit 1) at C:\\xampp\\htdocs\\result_laravel\\vendor\\laravel\\framework\\src\\Illuminate\\Database\\Connection.php:759)
[stacktrace]
#0 C:\\xampp\\htdocs\\result_laravel\\vendor\\laravel\\framework\\src\\Illuminate\\Database\\Connection.php(719): Illuminate\\Database\\Connection->runQueryCallback('select * from `...', Array, Object(Closure))
#1 C:\\xampp\\htdocs\\result_laravel\\vendor\\laravel\\framework\\src\\Illuminate\\Database\\Connection.php(421): Illuminate\\Database\\Connection->run('select * from `...', Array, Object(Closure))
#2 C:\\xampp\\htdocs\\result_laravel\\vendor\\laravel\\framework\\src\\Illuminate\\Database\\Query\\Builder.php(2630): Illuminate\\Database\\Connection->select('select * from `...', Array, true)
#3 C:\\xampp\\htdocs\\result_laravel\\vendor\\laravel\\framework\\src\\Illuminate\\Database\\Query\\Builder.php(2618): Illuminate\\Database\\Query\\Builder->runSelect()
#4 C:\\xampp\\htdocs\\result_laravel\\vendor\\laravel\\framework\\src\\Illuminate\\Database\\Query\\Builder.php(3154): Illuminate\\Database\\Query\\Builder->Illuminate\\Database\\Query\\{closure}()
#5 C:\\xampp\\htdocs\\result_laravel\\vendor\\laravel\\framework\\src\\Illuminate\\Database\\Query\\Builder.php(2619): Illuminate\\Database\\Query\\Builder->onceWithColumns(Array, Object(Closure))
#6 C:\\xampp\\htdocs\\result_laravel\\vendor\\laravel\\framework\\src\\Illuminate\\Database\\Eloquent\\Builder.php(699): Illuminate\\Database\\Query\\Builder->get(Array)
#7 C:\\xampp\\htdocs\\result_laravel\\vendor\\laravel\\framework\\src\\Illuminate\\Database\\Eloquent\\Builder.php(683): Illuminate\\Database\\Eloquent\\Builder->getModels(Array)
#8 C:\\xampp\\htdocs\\result_laravel\\vendor\\laravel\\framework\\src\\Illuminate\\Database\\Concerns\\BuildsQueries.php(296): Illuminate\\Database\\Eloquent\\Builder->get(Array)
#9 C:\\xampp\\htdocs\\result_laravel\\vendor\\laravel\\framework\\src\\Illuminate\\Support\\Traits\\ForwardsCalls.php(23): Illuminate\\Database\\Eloquent\\Builder->first()
#10 C:\\xampp\\htdocs\\result_laravel\\vendor\\laravel\\framework\\src\\Illuminate\\Database\\Eloquent\\Model.php(2191): Illuminate\\Database\\Eloquent\\Model->forwardCallTo(Object(Illuminate\\Database\\Eloquent\\Builder), 'first', Array)
#11 C:\\xampp\\htdocs\\result_laravel\\vendor\\laravel\\framework\\src\\Illuminate\\Database\\Eloquent\\Model.php(2203): Illuminate\\Database\\Eloquent\\Model->__call('first', Array)
#12 C:\\xampp\\htdocs\\result_laravel\\app\\Providers\\AppServiceProvider.php(31): Illuminate\\Database\\Eloquent\\Model::__callStatic('first', Array)
#13 C:\\xampp\\htdocs\\result_laravel\\vendor\\laravel\\framework\\src\\Illuminate\\Container\\BoundMethod.php(36): App\\Providers\\AppServiceProvider->boot()
#14 C:\\xampp\\htdocs\\result_laravel\\vendor\\laravel\\framework\\src\\Illuminate\\Container\\Util.php(41): Illuminate\\Container\\BoundMethod::Illuminate\\Container\\{closure}()
#15 C:\\xampp\\htdocs\\result_laravel\\vendor\\laravel\\framework\\src\\Illuminate\\Container\\BoundMethod.php(93): Illuminate\\Container\\Util::unwrapIfClosure(Object(Closure))
#16 C:\\xampp\\htdocs\\result_laravel\\vendor\\laravel\\framework\\src\\Illuminate\\Container\\BoundMethod.php(37): Illuminate\\Container\\BoundMethod::callBoundMethod(Object(Illuminate\\Foundation\\Application), Array, Object(Closure))
#17 C:\\xampp\\htdocs\\result_laravel\\vendor\\laravel\\framework\\src\\Illuminate\\Container\\Container.php(651): Illuminate\\Container\\BoundMethod::call(Object(Illuminate\\Foundation\\Application), Array, Array, NULL)
#18 C:\\xampp\\htdocs\\result_laravel\\vendor\\laravel\\framework\\src\\Illuminate\\Foundation\\Application.php(930): Illuminate\\Container\\Container->call(Array)
#19 C:\\xampp\\htdocs\\result_laravel\\vendor\\laravel\\framework\\src\\Illuminate\\Foundation\\Application.php(911): Illuminate\\Foundation\\Application->bootProvider(Object(App\\Providers\\AppServiceProvider))
#20 [internal function]: Illuminate\\Foundation\\Application->Illuminate\\Foundation\\{closure}(Object(App\\Providers\\AppServiceProvider), 21)
#21 C:\\xampp\\htdocs\\result_laravel\\vendor\\laravel\\framework\\src\\Illuminate\\Foundation\\Application.php(912): array_walk(Array, Object(Closure))
#22 C:\\xampp\\htdocs\\result_laravel\\vendor\\laravel\\framework\\src\\Illuminate\\Foundation\\Bootstrap\\BootProviders.php(17): Illuminate\\Foundation\\Application->boot()
#23 C:\\xampp\\htdocs\\result_laravel\\vendor\\laravel\\framework\\src\\Illuminate\\Foundation\\Application.php(239): Illuminate\\Foundation\\Bootstrap\\BootProviders->bootstrap(Object(Illuminate\\Foundation\\Application))
#24 C:\\xampp\\htdocs\\result_laravel\\vendor\\laravel\\framework\\src\\Illuminate\\Foundation\\Console\\Kernel.php(310): Illuminate\\Foundation\\Application->bootstrapWith(Array)
#25 C:\\xampp\\htdocs\\result_laravel\\vendor\\laravel\\framework\\src\\Illuminate\\Foundation\\Console\\Kernel.php(127): Illuminate\\Foundation\\Console\\Kernel->bootstrap()
#26 Command line code(1): Illuminate\\Foundation\\Console\\Kernel->handle(Object(Symfony\\Component\\Console\\Input\\ArgvInput), Object(Symfony\\Component\\Console\\Output\\ConsoleOutput))
#27 {main}

[previous exception] [object] (PDOException(code: 2002): SQLSTATE[HY000] [2002] No connection could be made because the target machine actively refused it at C:\\xampp\\htdocs\\result_laravel\\vendor\\laravel\\framework\\src\\Illuminate\\Database\\Connectors\\Connector.php:70)
[stacktrace]
#0 C:\\xampp\\htdocs\\result_laravel\\vendor\\laravel\\framework\\src\\Illuminate\\Database\\Connectors\\Connector.php(70): PDO->__construct('mysql:host=127....', 'root', '', Array)
#1 C:\\xampp\\htdocs\\result_laravel\\vendor\\laravel\\framework\\src\\Illuminate\\Database\\Connectors\\Connector.php(46): Illuminate\\Database\\Connectors\\Connector->createPdoConnection('mysql:host=127....', 'root', '', Array)
#2 C:\\xampp\\htdocs\\result_laravel\\vendor\\laravel\\framework\\src\\Illuminate\\Database\\Connectors\\MySqlConnector.php(24): Illuminate\\Database\\Connectors\\Connector->createConnection('mysql:host=127....', Array, Array)
#3 C:\\xampp\\htdocs\\result_laravel\\vendor\\laravel\\framework\\src\\Illuminate\\Database\\Connectors\\ConnectionFactory.php(184): Illuminate\\Database\\Connectors\\MySqlConnector->connect(Array)
#4 [internal function]: Illuminate\\Database\\Connectors\\ConnectionFactory->Illuminate\\Database\\Connectors\\{closure}()
#5 C:\\xampp\\htdocs\\result_laravel\\vendor\\laravel\\framework\\src\\Illuminate\\Database\\Connection.php(1168): call_user_func(Object(Closure))
#6 C:\\xampp\\htdocs\\result_laravel\\vendor\\laravel\\framework\\src\\Illuminate\\Database\\Connection.php(1204): Illuminate\\Database\\Connection->getPdo()
#7 C:\\xampp\\htdocs\\result_laravel\\vendor\\laravel\\framework\\src\\Illuminate\\Database\\Connection.php(485): Illuminate\\Database\\Connection->getReadPdo()
#8 C:\\xampp\\htdocs\\result_laravel\\vendor\\laravel\\framework\\src\\Illuminate\\Database\\Connection.php(413): Illuminate\\Database\\Connection->getPdoForSelect(true)
#9 C:\\xampp\\htdocs\\result_laravel\\vendor\\laravel\\framework\\src\\Illuminate\\Database\\Connection.php(752): Illuminate\\Database\\Connection->Illuminate\\Database\\{closure}('select * from `...', Array)
#10 C:\\xampp\\htdocs\\result_laravel\\vendor\\laravel\\framework\\src\\Illuminate\\Database\\Connection.php(719): Illuminate\\Database\\Connection->runQueryCallback('select * from `...', Array, Object(Closure))
#11 C:\\xampp\\htdocs\\result_laravel\\vendor\\laravel\\framework\\src\\Illuminate\\Database\\Connection.php(421): Illuminate\\Database\\Connection->run('select * from `...', Array, Object(Closure))
#12 C:\\xampp\\htdocs\\result_laravel\\vendor\\laravel\\framework\\src\\Illuminate\\Database\\Query\\Builder.php(2630): Illuminate\\Database\\Connection->select('select * from `...', Array, true)
#13 C:\\xampp\\htdocs\\result_laravel\\vendor\\laravel\\framework\\src\\Illuminate\\Database\\Query\\Builder.php(2618): Illuminate\\Database\\Query\\Builder->runSelect()
#14 C:\\xampp\\htdocs\\result_laravel\\vendor\\laravel\\framework\\src\\Illuminate\\Database\\Query\\Builder.php(3154): Illuminate\\Database\\Query\\Builder->Illuminate\\Database\\Query\\{closure}()
#15 C:\\xampp\\htdocs\\result_laravel\\vendor\\laravel\\framework\\src\\Illuminate\\Database\\Query\\Builder.php(2619): Illuminate\\Database\\Query\\Builder->onceWithColumns(Array, Object(Closure))
#16 C:\\xampp\\htdocs\\result_laravel\\vendor\\laravel\\framework\\src\\Illuminate\\Database\\Eloquent\\Builder.php(699): Illuminate\\Database\\Query\\Builder->get(Array)
#17 C:\\xampp\\htdocs\\result_laravel\\vendor\\laravel\\framework\\src\\Illuminate\\Database\\Eloquent\\Builder.php(683): Illuminate\\Database\\Eloquent\\Builder->getModels(Array)
#18 C:\\xampp\\htdocs\\result_laravel\\vendor\\laravel\\framework\\src\\Illuminate\\Database\\Concerns\\BuildsQueries.php(296): Illuminate\\Database\\Eloquent\\Builder->get(Array)
#19 C:\\xampp\\htdocs\\result_laravel\\vendor\\laravel\\framework\\src\\Illuminate\\Support\\Traits\\ForwardsCalls.php(23): Illuminate\\Database\\Eloquent\\Builder->first()
#20 C:\\xampp\\htdocs\\result_laravel\\vendor\\laravel\\framework\\src\\Illuminate\\Database\\Eloquent\\Model.php(2191): Illuminate\\Database\\Eloquent\\Model->forwardCallTo(Object(Illuminate\\Database\\Eloquent\\Builder), 'first', Array)
#21 C:\\xampp\\htdocs\\result_laravel\\vendor\\laravel\\framework\\src\\Illuminate\\Database\\Eloquent\\Model.php(2203): Illuminate\\Database\\Eloquent\\Model->__call('first', Array)
#22 C:\\xampp\\htdocs\\result_laravel\\app\\Providers\\AppServiceProvider.php(31): Illuminate\\Database\\Eloquent\\Model::__callStatic('first', Array)
#23 C:\\xampp\\htdocs\\result_laravel\\vendor\\laravel\\framework\\src\\Illuminate\\Container\\BoundMethod.php(36): App\\Providers\\AppServiceProvider->boot()
#24 C:\\xampp\\htdocs\\result_laravel\\vendor\\laravel\\framework\\src\\Illuminate\\Container\\Util.php(41): Illuminate\\Container\\BoundMethod::Illuminate\\Container\\{closure}()
#25 C:\\xampp\\htdocs\\result_laravel\\vendor\\laravel\\framework\\src\\Illuminate\\Container\\BoundMethod.php(93): Illuminate\\Container\\Util::unwrapIfClosure(Object(Closure))
#26 C:\\xampp\\htdocs\\result_laravel\\vendor\\laravel\\framework\\src\\Illuminate\\Container\\BoundMethod.php(37): Illuminate\\Container\\BoundMethod::callBoundMethod(Object(Illuminate\\Foundation\\Application), Array, Object(Closure))
#27 C:\\xampp\\htdocs\\result_laravel\\vendor\\laravel\\framework\\src\\Illuminate\\Container\\Container.php(651): Illuminate\\Container\\BoundMethod::call(Object(Illuminate\\Foundation\\Application), Array, Array, NULL)
#28 C:\\xampp\\htdocs\\result_laravel\\vendor\\laravel\\framework\\src\\Illuminate\\Foundation\\Application.php(930): Illuminate\\Container\\Container->call(Array)
#29 C:\\xampp\\htdocs\\result_laravel\\vendor\\laravel\\framework\\src\\Illuminate\\Foundation\\Application.php(911): Illuminate\\Foundation\\Application->bootProvider(Object(App\\Providers\\AppServiceProvider))
#30 [internal function]: Illuminate\\Foundation\\Application->Illuminate\\Foundation\\{closure}(Object(App\\Providers\\AppServiceProvider), 21)
#31 C:\\xampp\\htdocs\\result_laravel\\vendor\\laravel\\framework\\src\\Illuminate\\Foundation\\Application.php(912): array_walk(Array, Object(Closure))
#32 C:\\xampp\\htdocs\\result_laravel\\vendor\\laravel\\framework\\src\\Illuminate\\Foundation\\Bootstrap\\BootProviders.php(17): Illuminate\\Foundation\\Application->boot()
#33 C:\\xampp\\htdocs\\result_laravel\\vendor\\laravel\\framework\\src\\Illuminate\\Foundation\\Application.php(239): Illuminate\\Foundation\\Bootstrap\\BootProviders->bootstrap(Object(Illuminate\\Foundation\\Application))
#34 C:\\xampp\\htdocs\\result_laravel\\vendor\\laravel\\framework\\src\\Illuminate\\Foundation\\Console\\Kernel.php(310): Illuminate\\Foundation\\Application->bootstrapWith(Array)
#35 C:\\xampp\\htdocs\\result_laravel\\vendor\\laravel\\framework\\src\\Illuminate\\Foundation\\Console\\Kernel.php(127): Illuminate\\Foundation\\Console\\Kernel->bootstrap()
#36 Command line code(1): Illuminate\\Foundation\\Console\\Kernel->handle(Object(Symfony\\Component\\Console\\Input\\ArgvInput), Object(Symfony\\Component\\Console\\Output\\ConsoleOutput))
#37 {main}
"} 
[2022-11-11 17:23:18] local.ERROR: SQLSTATE[HY000] [2002] No connection could be made because the target machine actively refused it (SQL: select * from `settings` limit 1) {"exception":"[object] (Illuminate\\Database\\QueryException(code: 2002): SQLSTATE[HY000] [2002] No connection could be made because the target machine actively refused it (SQL: select * from `settings` limit 1) at C:\\xampp\\htdocs\\result_laravel\\vendor\\laravel\\framework\\src\\Illuminate\\Database\\Connection.php:759)
[stacktrace]
#0 C:\\xampp\\htdocs\\result_laravel\\vendor\\laravel\\framework\\src\\Illuminate\\Database\\Connection.php(719): Illuminate\\Database\\Connection->runQueryCallback('select * from `...', Array, Object(Closure))
#1 C:\\xampp\\htdocs\\result_laravel\\vendor\\laravel\\framework\\src\\Illuminate\\Database\\Connection.php(421): Illuminate\\Database\\Connection->run('select * from `...', Array, Object(Closure))
#2 C:\\xampp\\htdocs\\result_laravel\\vendor\\laravel\\framework\\src\\Illuminate\\Database\\Query\\Builder.php(2630): Illuminate\\Database\\Connection->select('select * from `...', Array, true)
#3 C:\\xampp\\htdocs\\result_laravel\\vendor\\laravel\\framework\\src\\Illuminate\\Database\\Query\\Builder.php(2618): Illuminate\\Database\\Query\\Builder->runSelect()
#4 C:\\xampp\\htdocs\\result_laravel\\vendor\\laravel\\framework\\src\\Illuminate\\Database\\Query\\Builder.php(3154): Illuminate\\Database\\Query\\Builder->Illuminate\\Database\\Query\\{closure}()
#5 C:\\xampp\\htdocs\\result_laravel\\vendor\\laravel\\framework\\src\\Illuminate\\Database\\Query\\Builder.php(2619): Illuminate\\Database\\Query\\Builder->onceWithColumns(Array, Object(Closure))
#6 C:\\xampp\\htdocs\\result_laravel\\vendor\\laravel\\framework\\src\\Illuminate\\Database\\Eloquent\\Builder.php(699): Illuminate\\Database\\Query\\Builder->get(Array)
#7 C:\\xampp\\htdocs\\result_laravel\\vendor\\laravel\\framework\\src\\Illuminate\\Database\\Eloquent\\Builder.php(683): Illuminate\\Database\\Eloquent\\Builder->getModels(Array)
#8 C:\\xampp\\htdocs\\result_laravel\\vendor\\laravel\\framework\\src\\Illuminate\\Database\\Concerns\\BuildsQueries.php(296): Illuminate\\Database\\Eloquent\\Builder->get(Array)
#9 C:\\xampp\\htdocs\\result_laravel\\vendor\\laravel\\framework\\src\\Illuminate\\Support\\Traits\\ForwardsCalls.php(23): Illuminate\\Database\\Eloquent\\Builder->first()
#10 C:\\xampp\\htdocs\\result_laravel\\vendor\\laravel\\framework\\src\\Illuminate\\Database\\Eloquent\\Model.php(2191): Illuminate\\Database\\Eloquent\\Model->forwardCallTo(Object(Illuminate\\Database\\Eloquent\\Builder), 'first', Array)
#11 C:\\xampp\\htdocs\\result_laravel\\vendor\\laravel\\framework\\src\\Illuminate\\Database\\Eloquent\\Model.php(2203): Illuminate\\Database\\Eloquent\\Model->__call('first', Array)
#12 C:\\xampp\\htdocs\\result_laravel\\app\\Providers\\AppServiceProvider.php(31): Illuminate\\Database\\Eloquent\\Model::__callStatic('first', Array)
#13 C:\\xampp\\htdocs\\result_laravel\\vendor\\laravel\\framework\\src\\Illuminate\\Container\\BoundMethod.php(36): App\\Providers\\AppServiceProvider->boot()
#14 C:\\xampp\\htdocs\\result_laravel\\vendor\\laravel\\framework\\src\\Illuminate\\Container\\Util.php(41): Illuminate\\Container\\BoundMethod::Illuminate\\Container\\{closure}()
#15 C:\\xampp\\htdocs\\result_laravel\\vendor\\laravel\\framework\\src\\Illuminate\\Container\\BoundMethod.php(93): Illuminate\\Container\\Util::unwrapIfClosure(Object(Closure))
#16 C:\\xampp\\htdocs\\result_laravel\\vendor\\laravel\\framework\\src\\Illuminate\\Container\\BoundMethod.php(37): Illuminate\\Container\\BoundMethod::callBoundMethod(Object(Illuminate\\Foundation\\Application), Array, Object(Closure))
#17 C:\\xampp\\htdocs\\result_laravel\\vendor\\laravel\\framework\\src\\Illuminate\\Container\\Container.php(651): Illuminate\\Container\\BoundMethod::call(Object(Illuminate\\Foundation\\Application), Array, Array, NULL)
#18 C:\\xampp\\htdocs\\result_laravel\\vendor\\laravel\\framework\\src\\Illuminate\\Foundation\\Application.php(930): Illuminate\\Container\\Container->call(Array)
#19 C:\\xampp\\htdocs\\result_laravel\\vendor\\laravel\\framework\\src\\Illuminate\\Foundation\\Application.php(911): Illuminate\\Foundation\\Application->bootProvider(Object(App\\Providers\\AppServiceProvider))
#20 [internal function]: Illuminate\\Foundation\\Application->Illuminate\\Foundation\\{closure}(Object(App\\Providers\\AppServiceProvider), 21)
#21 C:\\xampp\\htdocs\\result_laravel\\vendor\\laravel\\framework\\src\\Illuminate\\Foundation\\Application.php(912): array_walk(Array, Object(Closure))
#22 C:\\xampp\\htdocs\\result_laravel\\vendor\\laravel\\framework\\src\\Illuminate\\Foundation\\Bootstrap\\BootProviders.php(17): Illuminate\\Foundation\\Application->boot()
#23 C:\\xampp\\htdocs\\result_laravel\\vendor\\laravel\\framework\\src\\Illuminate\\Foundation\\Application.php(239): Illuminate\\Foundation\\Bootstrap\\BootProviders->bootstrap(Object(Illuminate\\Foundation\\Application))
#24 C:\\xampp\\htdocs\\result_laravel\\vendor\\laravel\\framework\\src\\Illuminate\\Foundation\\Console\\Kernel.php(310): Illuminate\\Foundation\\Application->bootstrapWith(Array)
#25 C:\\xampp\\htdocs\\result_laravel\\vendor\\laravel\\framework\\src\\Illuminate\\Foundation\\Console\\Kernel.php(127): Illuminate\\Foundation\\Console\\Kernel->bootstrap()
#26 Command line code(1): Illuminate\\Foundation\\Console\\Kernel->handle(Object(Symfony\\Component\\Console\\Input\\ArgvInput), Object(Symfony\\Component\\Console\\Output\\ConsoleOutput))
#27 {main}

[previous exception] [object] (PDOException(code: 2002): SQLSTATE[HY000] [2002] No connection could be made because the target machine actively refused it at C:\\xampp\\htdocs\\result_laravel\\vendor\\laravel\\framework\\src\\Illuminate\\Database\\Connectors\\Connector.php:70)
[stacktrace]
#0 C:\\xampp\\htdocs\\result_laravel\\vendor\\laravel\\framework\\src\\Illuminate\\Database\\Connectors\\Connector.php(70): PDO->__construct('mysql:host=127....', 'root', '', Array)
#1 C:\\xampp\\htdocs\\result_laravel\\vendor\\laravel\\framework\\src\\Illuminate\\Database\\Connectors\\Connector.php(46): Illuminate\\Database\\Connectors\\Connector->createPdoConnection('mysql:host=127....', 'root', '', Array)
#2 C:\\xampp\\htdocs\\result_laravel\\vendor\\laravel\\framework\\src\\Illuminate\\Database\\Connectors\\MySqlConnector.php(24): Illuminate\\Database\\Connectors\\Connector->createConnection('mysql:host=127....', Array, Array)
#3 C:\\xampp\\htdocs\\result_laravel\\vendor\\laravel\\framework\\src\\Illuminate\\Database\\Connectors\\ConnectionFactory.php(184): Illuminate\\Database\\Connectors\\MySqlConnector->connect(Array)
#4 [internal function]: Illuminate\\Database\\Connectors\\ConnectionFactory->Illuminate\\Database\\Connectors\\{closure}()
#5 C:\\xampp\\htdocs\\result_laravel\\vendor\\laravel\\framework\\src\\Illuminate\\Database\\Connection.php(1168): call_user_func(Object(Closure))
#6 C:\\xampp\\htdocs\\result_laravel\\vendor\\laravel\\framework\\src\\Illuminate\\Database\\Connection.php(1204): Illuminate\\Database\\Connection->getPdo()
#7 C:\\xampp\\htdocs\\result_laravel\\vendor\\laravel\\framework\\src\\Illuminate\\Database\\Connection.php(485): Illuminate\\Database\\Connection->getReadPdo()
#8 C:\\xampp\\htdocs\\result_laravel\\vendor\\laravel\\framework\\src\\Illuminate\\Database\\Connection.php(413): Illuminate\\Database\\Connection->getPdoForSelect(true)
#9 C:\\xampp\\htdocs\\result_laravel\\vendor\\laravel\\framework\\src\\Illuminate\\Database\\Connection.php(752): Illuminate\\Database\\Connection->Illuminate\\Database\\{closure}('select * from `...', Array)
#10 C:\\xampp\\htdocs\\result_laravel\\vendor\\laravel\\framework\\src\\Illuminate\\Database\\Connection.php(719): Illuminate\\Database\\Connection->runQueryCallback('select * from `...', Array, Object(Closure))
#11 C:\\xampp\\htdocs\\result_laravel\\vendor\\laravel\\framework\\src\\Illuminate\\Database\\Connection.php(421): Illuminate\\Database\\Connection->run('select * from `...', Array, Object(Closure))
#12 C:\\xampp\\htdocs\\result_laravel\\vendor\\laravel\\framework\\src\\Illuminate\\Database\\Query\\Builder.php(2630): Illuminate\\Database\\Connection->select('select * from `...', Array, true)
#13 C:\\xampp\\htdocs\\result_laravel\\vendor\\laravel\\framework\\src\\Illuminate\\Database\\Query\\Builder.php(2618): Illuminate\\Database\\Query\\Builder->runSelect()
#14 C:\\xampp\\htdocs\\result_laravel\\vendor\\laravel\\framework\\src\\Illuminate\\Database\\Query\\Builder.php(3154): Illuminate\\Database\\Query\\Builder->Illuminate\\Database\\Query\\{closure}()
#15 C:\\xampp\\htdocs\\result_laravel\\vendor\\laravel\\framework\\src\\Illuminate\\Database\\Query\\Builder.php(2619): Illuminate\\Database\\Query\\Builder->onceWithColumns(Array, Object(Closure))
#16 C:\\xampp\\htdocs\\result_laravel\\vendor\\laravel\\framework\\src\\Illuminate\\Database\\Eloquent\\Builder.php(699): Illuminate\\Database\\Query\\Builder->get(Array)
#17 C:\\xampp\\htdocs\\result_laravel\\vendor\\laravel\\framework\\src\\Illuminate\\Database\\Eloquent\\Builder.php(683): Illuminate\\Database\\Eloquent\\Builder->getModels(Array)
#18 C:\\xampp\\htdocs\\result_laravel\\vendor\\laravel\\framework\\src\\Illuminate\\Database\\Concerns\\BuildsQueries.php(296): Illuminate\\Database\\Eloquent\\Builder->get(Array)
#19 C:\\xampp\\htdocs\\result_laravel\\vendor\\laravel\\framework\\src\\Illuminate\\Support\\Traits\\ForwardsCalls.php(23): Illuminate\\Database\\Eloquent\\Builder->first()
#20 C:\\xampp\\htdocs\\result_laravel\\vendor\\laravel\\framework\\src\\Illuminate\\Database\\Eloquent\\Model.php(2191): Illuminate\\Database\\Eloquent\\Model->forwardCallTo(Object(Illuminate\\Database\\Eloquent\\Builder), 'first', Array)
#21 C:\\xampp\\htdocs\\result_laravel\\vendor\\laravel\\framework\\src\\Illuminate\\Database\\Eloquent\\Model.php(2203): Illuminate\\Database\\Eloquent\\Model->__call('first', Array)
#22 C:\\xampp\\htdocs\\result_laravel\\app\\Providers\\AppServiceProvider.php(31): Illuminate\\Database\\Eloquent\\Model::__callStatic('first', Array)
#23 C:\\xampp\\htdocs\\result_laravel\\vendor\\laravel\\framework\\src\\Illuminate\\Container\\BoundMethod.php(36): App\\Providers\\AppServiceProvider->boot()
#24 C:\\xampp\\htdocs\\result_laravel\\vendor\\laravel\\framework\\src\\Illuminate\\Container\\Util.php(41): Illuminate\\Container\\BoundMethod::Illuminate\\Container\\{closure}()
#25 C:\\xampp\\htdocs\\result_laravel\\vendor\\laravel\\framework\\src\\Illuminate\\Container\\BoundMethod.php(93): Illuminate\\Container\\Util::unwrapIfClosure(Object(Closure))
#26 C:\\xampp\\htdocs\\result_laravel\\vendor\\laravel\\framework\\src\\Illuminate\\Container\\BoundMethod.php(37): Illuminate\\Container\\BoundMethod::callBoundMethod(Object(Illuminate\\Foundation\\Application), Array, Object(Closure))
#27 C:\\xampp\\htdocs\\result_laravel\\vendor\\laravel\\framework\\src\\Illuminate\\Container\\Container.php(651): Illuminate\\Container\\BoundMethod::call(Object(Illuminate\\Foundation\\Application), Array, Array, NULL)
#28 C:\\xampp\\htdocs\\result_laravel\\vendor\\laravel\\framework\\src\\Illuminate\\Foundation\\Application.php(930): Illuminate\\Container\\Container->call(Array)
#29 C:\\xampp\\htdocs\\result_laravel\\vendor\\laravel\\framework\\src\\Illuminate\\Foundation\\Application.php(911): Illuminate\\Foundation\\Application->bootProvider(Object(App\\Providers\\AppServiceProvider))
#30 [internal function]: Illuminate\\Foundation\\Application->Illuminate\\Foundation\\{closure}(Object(App\\Providers\\AppServiceProvider), 21)
#31 C:\\xampp\\htdocs\\result_laravel\\vendor\\laravel\\framework\\src\\Illuminate\\Foundation\\Application.php(912): array_walk(Array, Object(Closure))
#32 C:\\xampp\\htdocs\\result_laravel\\vendor\\laravel\\framework\\src\\Illuminate\\Foundation\\Bootstrap\\BootProviders.php(17): Illuminate\\Foundation\\Application->boot()
#33 C:\\xampp\\htdocs\\result_laravel\\vendor\\laravel\\framework\\src\\Illuminate\\Foundation\\Application.php(239): Illuminate\\Foundation\\Bootstrap\\BootProviders->bootstrap(Object(Illuminate\\Foundation\\Application))
#34 C:\\xampp\\htdocs\\result_laravel\\vendor\\laravel\\framework\\src\\Illuminate\\Foundation\\Console\\Kernel.php(310): Illuminate\\Foundation\\Application->bootstrapWith(Array)
#35 C:\\xampp\\htdocs\\result_laravel\\vendor\\laravel\\framework\\src\\Illuminate\\Foundation\\Console\\Kernel.php(127): Illuminate\\Foundation\\Console\\Kernel->bootstrap()
#36 Command line code(1): Illuminate\\Foundation\\Console\\Kernel->handle(Object(Symfony\\Component\\Console\\Input\\ArgvInput), Object(Symfony\\Component\\Console\\Output\\ConsoleOutput))
#37 {main}
"} 
[2022-11-11 17:23:18] local.ERROR: SQLSTATE[HY000] [2002] No connection could be made because the target machine actively refused it (SQL: select * from `settings` limit 1) {"exception":"[object] (Illuminate\\Database\\QueryException(code: 2002): SQLSTATE[HY000] [2002] No connection could be made because the target machine actively refused it (SQL: select * from `settings` limit 1) at C:\\xampp\\htdocs\\result_laravel\\vendor\\laravel\\framework\\src\\Illuminate\\Database\\Connection.php:759)
[stacktrace]
#0 C:\\xampp\\htdocs\\result_laravel\\vendor\\laravel\\framework\\src\\Illuminate\\Database\\Connection.php(719): Illuminate\\Database\\Connection->runQueryCallback('select * from `...', Array, Object(Closure))
#1 C:\\xampp\\htdocs\\result_laravel\\vendor\\laravel\\framework\\src\\Illuminate\\Database\\Connection.php(421): Illuminate\\Database\\Connection->run('select * from `...', Array, Object(Closure))
#2 C:\\xampp\\htdocs\\result_laravel\\vendor\\laravel\\framework\\src\\Illuminate\\Database\\Query\\Builder.php(2630): Illuminate\\Database\\Connection->select('select * from `...', Array, true)
#3 C:\\xampp\\htdocs\\result_laravel\\vendor\\laravel\\framework\\src\\Illuminate\\Database\\Query\\Builder.php(2618): Illuminate\\Database\\Query\\Builder->runSelect()
#4 C:\\xampp\\htdocs\\result_laravel\\vendor\\laravel\\framework\\src\\Illuminate\\Database\\Query\\Builder.php(3154): Illuminate\\Database\\Query\\Builder->Illuminate\\Database\\Query\\{closure}()
#5 C:\\xampp\\htdocs\\result_laravel\\vendor\\laravel\\framework\\src\\Illuminate\\Database\\Query\\Builder.php(2619): Illuminate\\Database\\Query\\Builder->onceWithColumns(Array, Object(Closure))
#6 C:\\xampp\\htdocs\\result_laravel\\vendor\\laravel\\framework\\src\\Illuminate\\Database\\Eloquent\\Builder.php(699): Illuminate\\Database\\Query\\Builder->get(Array)
#7 C:\\xampp\\htdocs\\result_laravel\\vendor\\laravel\\framework\\src\\Illuminate\\Database\\Eloquent\\Builder.php(683): Illuminate\\Database\\Eloquent\\Builder->getModels(Array)
#8 C:\\xampp\\htdocs\\result_laravel\\vendor\\laravel\\framework\\src\\Illuminate\\Database\\Concerns\\BuildsQueries.php(296): Illuminate\\Database\\Eloquent\\Builder->get(Array)
#9 C:\\xampp\\htdocs\\result_laravel\\vendor\\laravel\\framework\\src\\Illuminate\\Support\\Traits\\ForwardsCalls.php(23): Illuminate\\Database\\Eloquent\\Builder->first()
#10 C:\\xampp\\htdocs\\result_laravel\\vendor\\laravel\\framework\\src\\Illuminate\\Database\\Eloquent\\Model.php(2191): Illuminate\\Database\\Eloquent\\Model->forwardCallTo(Object(Illuminate\\Database\\Eloquent\\Builder), 'first', Array)
#11 C:\\xampp\\htdocs\\result_laravel\\vendor\\laravel\\framework\\src\\Illuminate\\Database\\Eloquent\\Model.php(2203): Illuminate\\Database\\Eloquent\\Model->__call('first', Array)
#12 C:\\xampp\\htdocs\\result_laravel\\app\\Providers\\AppServiceProvider.php(31): Illuminate\\Database\\Eloquent\\Model::__callStatic('first', Array)
#13 C:\\xampp\\htdocs\\result_laravel\\vendor\\laravel\\framework\\src\\Illuminate\\Container\\BoundMethod.php(36): App\\Providers\\AppServiceProvider->boot()
#14 C:\\xampp\\htdocs\\result_laravel\\vendor\\laravel\\framework\\src\\Illuminate\\Container\\Util.php(41): Illuminate\\Container\\BoundMethod::Illuminate\\Container\\{closure}()
#15 C:\\xampp\\htdocs\\result_laravel\\vendor\\laravel\\framework\\src\\Illuminate\\Container\\BoundMethod.php(93): Illuminate\\Container\\Util::unwrapIfClosure(Object(Closure))
#16 C:\\xampp\\htdocs\\result_laravel\\vendor\\laravel\\framework\\src\\Illuminate\\Container\\BoundMethod.php(37): Illuminate\\Container\\BoundMethod::callBoundMethod(Object(Illuminate\\Foundation\\Application), Array, Object(Closure))
#17 C:\\xampp\\htdocs\\result_laravel\\vendor\\laravel\\framework\\src\\Illuminate\\Container\\Container.php(651): Illuminate\\Container\\BoundMethod::call(Object(Illuminate\\Foundation\\Application), Array, Array, NULL)
#18 C:\\xampp\\htdocs\\result_laravel\\vendor\\laravel\\framework\\src\\Illuminate\\Foundation\\Application.php(930): Illuminate\\Container\\Container->call(Array)
#19 C:\\xampp\\htdocs\\result_laravel\\vendor\\laravel\\framework\\src\\Illuminate\\Foundation\\Application.php(911): Illuminate\\Foundation\\Application->bootProvider(Object(App\\Providers\\AppServiceProvider))
#20 [internal function]: Illuminate\\Foundation\\Application->Illuminate\\Foundation\\{closure}(Object(App\\Providers\\AppServiceProvider), 21)
#21 C:\\xampp\\htdocs\\result_laravel\\vendor\\laravel\\framework\\src\\Illuminate\\Foundation\\Application.php(912): array_walk(Array, Object(Closure))
#22 C:\\xampp\\htdocs\\result_laravel\\vendor\\laravel\\framework\\src\\Illuminate\\Foundation\\Bootstrap\\BootProviders.php(17): Illuminate\\Foundation\\Application->boot()
#23 C:\\xampp\\htdocs\\result_laravel\\vendor\\laravel\\framework\\src\\Illuminate\\Foundation\\Application.php(239): Illuminate\\Foundation\\Bootstrap\\BootProviders->bootstrap(Object(Illuminate\\Foundation\\Application))
#24 C:\\xampp\\htdocs\\result_laravel\\vendor\\laravel\\framework\\src\\Illuminate\\Foundation\\Console\\Kernel.php(310): Illuminate\\Foundation\\Application->bootstrapWith(Array)
#25 C:\\xampp\\htdocs\\result_laravel\\vendor\\laravel\\framework\\src\\Illuminate\\Foundation\\Console\\Kernel.php(127): Illuminate\\Foundation\\Console\\Kernel->bootstrap()
#26 Command line code(1): Illuminate\\Foundation\\Console\\Kernel->handle(Object(Symfony\\Component\\Console\\Input\\ArgvInput), Object(Symfony\\Component\\Console\\Output\\ConsoleOutput))
#27 {main}

[previous exception] [object] (PDOException(code: 2002): SQLSTATE[HY000] [2002] No connection could be made because the target machine actively refused it at C:\\xampp\\htdocs\\result_laravel\\vendor\\laravel\\framework\\src\\Illuminate\\Database\\Connectors\\Connector.php:70)
[stacktrace]
#0 C:\\xampp\\htdocs\\result_laravel\\vendor\\laravel\\framework\\src\\Illuminate\\Database\\Connectors\\Connector.php(70): PDO->__construct('mysql:host=127....', 'root', '', Array)
#1 C:\\xampp\\htdocs\\result_laravel\\vendor\\laravel\\framework\\src\\Illuminate\\Database\\Connectors\\Connector.php(46): Illuminate\\Database\\Connectors\\Connector->createPdoConnection('mysql:host=127....', 'root', '', Array)
#2 C:\\xampp\\htdocs\\result_laravel\\vendor\\laravel\\framework\\src\\Illuminate\\Database\\Connectors\\MySqlConnector.php(24): Illuminate\\Database\\Connectors\\Connector->createConnection('mysql:host=127....', Array, Array)
#3 C:\\xampp\\htdocs\\result_laravel\\vendor\\laravel\\framework\\src\\Illuminate\\Database\\Connectors\\ConnectionFactory.php(184): Illuminate\\Database\\Connectors\\MySqlConnector->connect(Array)
#4 [internal function]: Illuminate\\Database\\Connectors\\ConnectionFactory->Illuminate\\Database\\Connectors\\{closure}()
#5 C:\\xampp\\htdocs\\result_laravel\\vendor\\laravel\\framework\\src\\Illuminate\\Database\\Connection.php(1168): call_user_func(Object(Closure))
#6 C:\\xampp\\htdocs\\result_laravel\\vendor\\laravel\\framework\\src\\Illuminate\\Database\\Connection.php(1204): Illuminate\\Database\\Connection->getPdo()
#7 C:\\xampp\\htdocs\\result_laravel\\vendor\\laravel\\framework\\src\\Illuminate\\Database\\Connection.php(485): Illuminate\\Database\\Connection->getReadPdo()
#8 C:\\xampp\\htdocs\\result_laravel\\vendor\\laravel\\framework\\src\\Illuminate\\Database\\Connection.php(413): Illuminate\\Database\\Connection->getPdoForSelect(true)
#9 C:\\xampp\\htdocs\\result_laravel\\vendor\\laravel\\framework\\src\\Illuminate\\Database\\Connection.php(752): Illuminate\\Database\\Connection->Illuminate\\Database\\{closure}('select * from `...', Array)
#10 C:\\xampp\\htdocs\\result_laravel\\vendor\\laravel\\framework\\src\\Illuminate\\Database\\Connection.php(719): Illuminate\\Database\\Connection->runQueryCallback('select * from `...', Array, Object(Closure))
#11 C:\\xampp\\htdocs\\result_laravel\\vendor\\laravel\\framework\\src\\Illuminate\\Database\\Connection.php(421): Illuminate\\Database\\Connection->run('select * from `...', Array, Object(Closure))
#12 C:\\xampp\\htdocs\\result_laravel\\vendor\\laravel\\framework\\src\\Illuminate\\Database\\Query\\Builder.php(2630): Illuminate\\Database\\Connection->select('select * from `...', Array, true)
#13 C:\\xampp\\htdocs\\result_laravel\\vendor\\laravel\\framework\\src\\Illuminate\\Database\\Query\\Builder.php(2618): Illuminate\\Database\\Query\\Builder->runSelect()
#14 C:\\xampp\\htdocs\\result_laravel\\vendor\\laravel\\framework\\src\\Illuminate\\Database\\Query\\Builder.php(3154): Illuminate\\Database\\Query\\Builder->Illuminate\\Database\\Query\\{closure}()
#15 C:\\xampp\\htdocs\\result_laravel\\vendor\\laravel\\framework\\src\\Illuminate\\Database\\Query\\Builder.php(2619): Illuminate\\Database\\Query\\Builder->onceWithColumns(Array, Object(Closure))
#16 C:\\xampp\\htdocs\\result_laravel\\vendor\\laravel\\framework\\src\\Illuminate\\Database\\Eloquent\\Builder.php(699): Illuminate\\Database\\Query\\Builder->get(Array)
#17 C:\\xampp\\htdocs\\result_laravel\\vendor\\laravel\\framework\\src\\Illuminate\\Database\\Eloquent\\Builder.php(683): Illuminate\\Database\\Eloquent\\Builder->getModels(Array)
#18 C:\\xampp\\htdocs\\result_laravel\\vendor\\laravel\\framework\\src\\Illuminate\\Database\\Concerns\\BuildsQueries.php(296): Illuminate\\Database\\Eloquent\\Builder->get(Array)
#19 C:\\xampp\\htdocs\\result_laravel\\vendor\\laravel\\framework\\src\\Illuminate\\Support\\Traits\\ForwardsCalls.php(23): Illuminate\\Database\\Eloquent\\Builder->first()
#20 C:\\xampp\\htdocs\\result_laravel\\vendor\\laravel\\framework\\src\\Illuminate\\Database\\Eloquent\\Model.php(2191): Illuminate\\Database\\Eloquent\\Model->forwardCallTo(Object(Illuminate\\Database\\Eloquent\\Builder), 'first', Array)
#21 C:\\xampp\\htdocs\\result_laravel\\vendor\\laravel\\framework\\src\\Illuminate\\Database\\Eloquent\\Model.php(2203): Illuminate\\Database\\Eloquent\\Model->__call('first', Array)
#22 C:\\xampp\\htdocs\\result_laravel\\app\\Providers\\AppServiceProvider.php(31): Illuminate\\Database\\Eloquent\\Model::__callStatic('first', Array)
#23 C:\\xampp\\htdocs\\result_laravel\\vendor\\laravel\\framework\\src\\Illuminate\\Container\\BoundMethod.php(36): App\\Providers\\AppServiceProvider->boot()
#24 C:\\xampp\\htdocs\\result_laravel\\vendor\\laravel\\framework\\src\\Illuminate\\Container\\Util.php(41): Illuminate\\Container\\BoundMethod::Illuminate\\Container\\{closure}()
#25 C:\\xampp\\htdocs\\result_laravel\\vendor\\laravel\\framework\\src\\Illuminate\\Container\\BoundMethod.php(93): Illuminate\\Container\\Util::unwrapIfClosure(Object(Closure))
#26 C:\\xampp\\htdocs\\result_laravel\\vendor\\laravel\\framework\\src\\Illuminate\\Container\\BoundMethod.php(37): Illuminate\\Container\\BoundMethod::callBoundMethod(Object(Illuminate\\Foundation\\Application), Array, Object(Closure))
#27 C:\\xampp\\htdocs\\result_laravel\\vendor\\laravel\\framework\\src\\Illuminate\\Container\\Container.php(651): Illuminate\\Container\\BoundMethod::call(Object(Illuminate\\Foundation\\Application), Array, Array, NULL)
#28 C:\\xampp\\htdocs\\result_laravel\\vendor\\laravel\\framework\\src\\Illuminate\\Foundation\\Application.php(930): Illuminate\\Container\\Container->call(Array)
#29 C:\\xampp\\htdocs\\result_laravel\\vendor\\laravel\\framework\\src\\Illuminate\\Foundation\\Application.php(911): Illuminate\\Foundation\\Application->bootProvider(Object(App\\Providers\\AppServiceProvider))
#30 [internal function]: Illuminate\\Foundation\\Application->Illuminate\\Foundation\\{closure}(Object(App\\Providers\\AppServiceProvider), 21)
#31 C:\\xampp\\htdocs\\result_laravel\\vendor\\laravel\\framework\\src\\Illuminate\\Foundation\\Application.php(912): array_walk(Array, Object(Closure))
#32 C:\\xampp\\htdocs\\result_laravel\\vendor\\laravel\\framework\\src\\Illuminate\\Foundation\\Bootstrap\\BootProviders.php(17): Illuminate\\Foundation\\Application->boot()
#33 C:\\xampp\\htdocs\\result_laravel\\vendor\\laravel\\framework\\src\\Illuminate\\Foundation\\Application.php(239): Illuminate\\Foundation\\Bootstrap\\BootProviders->bootstrap(Object(Illuminate\\Foundation\\Application))
#34 C:\\xampp\\htdocs\\result_laravel\\vendor\\laravel\\framework\\src\\Illuminate\\Foundation\\Console\\Kernel.php(310): Illuminate\\Foundation\\Application->bootstrapWith(Array)
#35 C:\\xampp\\htdocs\\result_laravel\\vendor\\laravel\\framework\\src\\Illuminate\\Foundation\\Console\\Kernel.php(127): Illuminate\\Foundation\\Console\\Kernel->bootstrap()
#36 Command line code(1): Illuminate\\Foundation\\Console\\Kernel->handle(Object(Symfony\\Component\\Console\\Input\\ArgvInput), Object(Symfony\\Component\\Console\\Output\\ConsoleOutput))
#37 {main}
"} 
[2023-12-31 19:59:18] local.ERROR: SQLSTATE[HY000] [2002] Connection refused (SQL: select * from `settings` limit 1) {"exception":"[object] (Illuminate\\Database\\QueryException(code: 2002): SQLSTATE[HY000] [2002] Connection refused (SQL: select * from `settings` limit 1) at /Users/innovin/Documents/projects/result_portal_laravel/vendor/laravel/framework/src/Illuminate/Database/Connection.php:759)
[stacktrace]
#0 /Users/innovin/Documents/projects/result_portal_laravel/vendor/laravel/framework/src/Illuminate/Database/Connection.php(898): Illuminate\\Database\\Connection->runQueryCallback('select * from `...', Array, Object(Closure))
#1 /Users/innovin/Documents/projects/result_portal_laravel/vendor/laravel/framework/src/Illuminate/Database/Connection.php(878): Illuminate\\Database\\Connection->tryAgainIfCausedByLostConnection(Object(Illuminate\\Database\\QueryException), 'select * from `...', Array, Object(Closure))
#2 /Users/innovin/Documents/projects/result_portal_laravel/vendor/laravel/framework/src/Illuminate/Database/Connection.php(722): Illuminate\\Database\\Connection->handleQueryException(Object(Illuminate\\Database\\QueryException), 'select * from `...', Array, Object(Closure))
#3 /Users/innovin/Documents/projects/result_portal_laravel/vendor/laravel/framework/src/Illuminate/Database/Connection.php(421): Illuminate\\Database\\Connection->run('select * from `...', Array, Object(Closure))
#4 /Users/innovin/Documents/projects/result_portal_laravel/vendor/laravel/framework/src/Illuminate/Database/Query/Builder.php(2630): Illuminate\\Database\\Connection->select('select * from `...', Array, true)
#5 /Users/innovin/Documents/projects/result_portal_laravel/vendor/laravel/framework/src/Illuminate/Database/Query/Builder.php(2618): Illuminate\\Database\\Query\\Builder->runSelect()
#6 /Users/innovin/Documents/projects/result_portal_laravel/vendor/laravel/framework/src/Illuminate/Database/Query/Builder.php(3154): Illuminate\\Database\\Query\\Builder->Illuminate\\Database\\Query\\{closure}()
#7 /Users/innovin/Documents/projects/result_portal_laravel/vendor/laravel/framework/src/Illuminate/Database/Query/Builder.php(2619): Illuminate\\Database\\Query\\Builder->onceWithColumns(Array, Object(Closure))
#8 /Users/innovin/Documents/projects/result_portal_laravel/vendor/laravel/framework/src/Illuminate/Database/Eloquent/Builder.php(699): Illuminate\\Database\\Query\\Builder->get(Array)
#9 /Users/innovin/Documents/projects/result_portal_laravel/vendor/laravel/framework/src/Illuminate/Database/Eloquent/Builder.php(683): Illuminate\\Database\\Eloquent\\Builder->getModels(Array)
#10 /Users/innovin/Documents/projects/result_portal_laravel/vendor/laravel/framework/src/Illuminate/Database/Concerns/BuildsQueries.php(296): Illuminate\\Database\\Eloquent\\Builder->get(Array)
#11 /Users/innovin/Documents/projects/result_portal_laravel/vendor/laravel/framework/src/Illuminate/Support/Traits/ForwardsCalls.php(23): Illuminate\\Database\\Eloquent\\Builder->first()
#12 /Users/innovin/Documents/projects/result_portal_laravel/vendor/laravel/framework/src/Illuminate/Database/Eloquent/Model.php(2191): Illuminate\\Database\\Eloquent\\Model->forwardCallTo(Object(Illuminate\\Database\\Eloquent\\Builder), 'first', Array)
#13 /Users/innovin/Documents/projects/result_portal_laravel/vendor/laravel/framework/src/Illuminate/Database/Eloquent/Model.php(2203): Illuminate\\Database\\Eloquent\\Model->__call('first', Array)
#14 /Users/innovin/Documents/projects/result_portal_laravel/app/Providers/AppServiceProvider.php(31): Illuminate\\Database\\Eloquent\\Model::__callStatic('first', Array)
#15 /Users/innovin/Documents/projects/result_portal_laravel/vendor/laravel/framework/src/Illuminate/Container/BoundMethod.php(36): App\\Providers\\AppServiceProvider->boot()
#16 /Users/innovin/Documents/projects/result_portal_laravel/vendor/laravel/framework/src/Illuminate/Container/Util.php(41): Illuminate\\Container\\BoundMethod::Illuminate\\Container\\{closure}()
#17 /Users/innovin/Documents/projects/result_portal_laravel/vendor/laravel/framework/src/Illuminate/Container/BoundMethod.php(93): Illuminate\\Container\\Util::unwrapIfClosure(Object(Closure))
#18 /Users/innovin/Documents/projects/result_portal_laravel/vendor/laravel/framework/src/Illuminate/Container/BoundMethod.php(37): Illuminate\\Container\\BoundMethod::callBoundMethod(Object(Illuminate\\Foundation\\Application), Array, Object(Closure))
#19 /Users/innovin/Documents/projects/result_portal_laravel/vendor/laravel/framework/src/Illuminate/Container/Container.php(651): Illuminate\\Container\\BoundMethod::call(Object(Illuminate\\Foundation\\Application), Array, Array, NULL)
#20 /Users/innovin/Documents/projects/result_portal_laravel/vendor/laravel/framework/src/Illuminate/Foundation/Application.php(930): Illuminate\\Container\\Container->call(Array)
#21 /Users/innovin/Documents/projects/result_portal_laravel/vendor/laravel/framework/src/Illuminate/Foundation/Application.php(911): Illuminate\\Foundation\\Application->bootProvider(Object(App\\Providers\\AppServiceProvider))
#22 [internal function]: Illuminate\\Foundation\\Application->Illuminate\\Foundation\\{closure}(Object(App\\Providers\\AppServiceProvider), 20)
#23 /Users/innovin/Documents/projects/result_portal_laravel/vendor/laravel/framework/src/Illuminate/Foundation/Application.php(912): array_walk(Array, Object(Closure))
#24 /Users/innovin/Documents/projects/result_portal_laravel/vendor/laravel/framework/src/Illuminate/Foundation/Bootstrap/BootProviders.php(17): Illuminate\\Foundation\\Application->boot()
#25 /Users/innovin/Documents/projects/result_portal_laravel/vendor/laravel/framework/src/Illuminate/Foundation/Application.php(239): Illuminate\\Foundation\\Bootstrap\\BootProviders->bootstrap(Object(Illuminate\\Foundation\\Application))
#26 /Users/innovin/Documents/projects/result_portal_laravel/vendor/laravel/framework/src/Illuminate/Foundation/Console/Kernel.php(310): Illuminate\\Foundation\\Application->bootstrapWith(Array)
#27 /Users/innovin/Documents/projects/result_portal_laravel/vendor/laravel/framework/src/Illuminate/Foundation/Console/Kernel.php(127): Illuminate\\Foundation\\Console\\Kernel->bootstrap()
#28 /Users/innovin/Documents/projects/result_portal_laravel/artisan(37): Illuminate\\Foundation\\Console\\Kernel->handle(Object(Symfony\\Component\\Console\\Input\\ArgvInput), Object(Symfony\\Component\\Console\\Output\\ConsoleOutput))
#29 {main}

[previous exception] [object] (PDOException(code: 2002): SQLSTATE[HY000] [2002] Connection refused at /Users/innovin/Documents/projects/result_portal_laravel/vendor/laravel/framework/src/Illuminate/Database/Connectors/Connector.php:70)
[stacktrace]
#0 /Users/innovin/Documents/projects/result_portal_laravel/vendor/laravel/framework/src/Illuminate/Database/Connectors/Connector.php(70): PDO->__construct('mysql:host=127....', 'root', '', Array)
#1 /Users/innovin/Documents/projects/result_portal_laravel/vendor/laravel/framework/src/Illuminate/Database/Connectors/Connector.php(100): Illuminate\\Database\\Connectors\\Connector->createPdoConnection('mysql:host=127....', 'root', '', Array)
#2 /Users/innovin/Documents/projects/result_portal_laravel/vendor/laravel/framework/src/Illuminate/Database/Connectors/Connector.php(50): Illuminate\\Database\\Connectors\\Connector->tryAgainIfCausedByLostConnection(Object(PDOException), 'mysql:host=127....', 'root', '', Array)
#3 /Users/innovin/Documents/projects/result_portal_laravel/vendor/laravel/framework/src/Illuminate/Database/Connectors/MySqlConnector.php(24): Illuminate\\Database\\Connectors\\Connector->createConnection('mysql:host=127....', Array, Array)
#4 /Users/innovin/Documents/projects/result_portal_laravel/vendor/laravel/framework/src/Illuminate/Database/Connectors/ConnectionFactory.php(184): Illuminate\\Database\\Connectors\\MySqlConnector->connect(Array)
#5 [internal function]: Illuminate\\Database\\Connectors\\ConnectionFactory->Illuminate\\Database\\Connectors\\{closure}()
#6 /Users/innovin/Documents/projects/result_portal_laravel/vendor/laravel/framework/src/Illuminate/Database/Connection.php(1168): call_user_func(Object(Closure))
#7 /Users/innovin/Documents/projects/result_portal_laravel/vendor/laravel/framework/src/Illuminate/Database/Connection.php(1204): Illuminate\\Database\\Connection->getPdo()
#8 /Users/innovin/Documents/projects/result_portal_laravel/vendor/laravel/framework/src/Illuminate/Database/Connection.php(485): Illuminate\\Database\\Connection->getReadPdo()
#9 /Users/innovin/Documents/projects/result_portal_laravel/vendor/laravel/framework/src/Illuminate/Database/Connection.php(413): Illuminate\\Database\\Connection->getPdoForSelect(true)
#10 /Users/innovin/Documents/projects/result_portal_laravel/vendor/laravel/framework/src/Illuminate/Database/Connection.php(752): Illuminate\\Database\\Connection->Illuminate\\Database\\{closure}('select * from `...', Array)
#11 /Users/innovin/Documents/projects/result_portal_laravel/vendor/laravel/framework/src/Illuminate/Database/Connection.php(898): Illuminate\\Database\\Connection->runQueryCallback('select * from `...', Array, Object(Closure))
#12 /Users/innovin/Documents/projects/result_portal_laravel/vendor/laravel/framework/src/Illuminate/Database/Connection.php(878): Illuminate\\Database\\Connection->tryAgainIfCausedByLostConnection(Object(Illuminate\\Database\\QueryException), 'select * from `...', Array, Object(Closure))
#13 /Users/innovin/Documents/projects/result_portal_laravel/vendor/laravel/framework/src/Illuminate/Database/Connection.php(722): Illuminate\\Database\\Connection->handleQueryException(Object(Illuminate\\Database\\QueryException), 'select * from `...', Array, Object(Closure))
#14 /Users/innovin/Documents/projects/result_portal_laravel/vendor/laravel/framework/src/Illuminate/Database/Connection.php(421): Illuminate\\Database\\Connection->run('select * from `...', Array, Object(Closure))
#15 /Users/innovin/Documents/projects/result_portal_laravel/vendor/laravel/framework/src/Illuminate/Database/Query/Builder.php(2630): Illuminate\\Database\\Connection->select('select * from `...', Array, true)
#16 /Users/innovin/Documents/projects/result_portal_laravel/vendor/laravel/framework/src/Illuminate/Database/Query/Builder.php(2618): Illuminate\\Database\\Query\\Builder->runSelect()
#17 /Users/innovin/Documents/projects/result_portal_laravel/vendor/laravel/framework/src/Illuminate/Database/Query/Builder.php(3154): Illuminate\\Database\\Query\\Builder->Illuminate\\Database\\Query\\{closure}()
#18 /Users/innovin/Documents/projects/result_portal_laravel/vendor/laravel/framework/src/Illuminate/Database/Query/Builder.php(2619): Illuminate\\Database\\Query\\Builder->onceWithColumns(Array, Object(Closure))
#19 /Users/innovin/Documents/projects/result_portal_laravel/vendor/laravel/framework/src/Illuminate/Database/Eloquent/Builder.php(699): Illuminate\\Database\\Query\\Builder->get(Array)
#20 /Users/innovin/Documents/projects/result_portal_laravel/vendor/laravel/framework/src/Illuminate/Database/Eloquent/Builder.php(683): Illuminate\\Database\\Eloquent\\Builder->getModels(Array)
#21 /Users/innovin/Documents/projects/result_portal_laravel/vendor/laravel/framework/src/Illuminate/Database/Concerns/BuildsQueries.php(296): Illuminate\\Database\\Eloquent\\Builder->get(Array)
#22 /Users/innovin/Documents/projects/result_portal_laravel/vendor/laravel/framework/src/Illuminate/Support/Traits/ForwardsCalls.php(23): Illuminate\\Database\\Eloquent\\Builder->first()
#23 /Users/innovin/Documents/projects/result_portal_laravel/vendor/laravel/framework/src/Illuminate/Database/Eloquent/Model.php(2191): Illuminate\\Database\\Eloquent\\Model->forwardCallTo(Object(Illuminate\\Database\\Eloquent\\Builder), 'first', Array)
#24 /Users/innovin/Documents/projects/result_portal_laravel/vendor/laravel/framework/src/Illuminate/Database/Eloquent/Model.php(2203): Illuminate\\Database\\Eloquent\\Model->__call('first', Array)
#25 /Users/innovin/Documents/projects/result_portal_laravel/app/Providers/AppServiceProvider.php(31): Illuminate\\Database\\Eloquent\\Model::__callStatic('first', Array)
#26 /Users/innovin/Documents/projects/result_portal_laravel/vendor/laravel/framework/src/Illuminate/Container/BoundMethod.php(36): App\\Providers\\AppServiceProvider->boot()
#27 /Users/innovin/Documents/projects/result_portal_laravel/vendor/laravel/framework/src/Illuminate/Container/Util.php(41): Illuminate\\Container\\BoundMethod::Illuminate\\Container\\{closure}()
#28 /Users/innovin/Documents/projects/result_portal_laravel/vendor/laravel/framework/src/Illuminate/Container/BoundMethod.php(93): Illuminate\\Container\\Util::unwrapIfClosure(Object(Closure))
#29 /Users/innovin/Documents/projects/result_portal_laravel/vendor/laravel/framework/src/Illuminate/Container/BoundMethod.php(37): Illuminate\\Container\\BoundMethod::callBoundMethod(Object(Illuminate\\Foundation\\Application), Array, Object(Closure))
#30 /Users/innovin/Documents/projects/result_portal_laravel/vendor/laravel/framework/src/Illuminate/Container/Container.php(651): Illuminate\\Container\\BoundMethod::call(Object(Illuminate\\Foundation\\Application), Array, Array, NULL)
#31 /Users/innovin/Documents/projects/result_portal_laravel/vendor/laravel/framework/src/Illuminate/Foundation/Application.php(930): Illuminate\\Container\\Container->call(Array)
#32 /Users/innovin/Documents/projects/result_portal_laravel/vendor/laravel/framework/src/Illuminate/Foundation/Application.php(911): Illuminate\\Foundation\\Application->bootProvider(Object(App\\Providers\\AppServiceProvider))
#33 [internal function]: Illuminate\\Foundation\\Application->Illuminate\\Foundation\\{closure}(Object(App\\Providers\\AppServiceProvider), 20)
#34 /Users/innovin/Documents/projects/result_portal_laravel/vendor/laravel/framework/src/Illuminate/Foundation/Application.php(912): array_walk(Array, Object(Closure))
#35 /Users/innovin/Documents/projects/result_portal_laravel/vendor/laravel/framework/src/Illuminate/Foundation/Bootstrap/BootProviders.php(17): Illuminate\\Foundation\\Application->boot()
#36 /Users/innovin/Documents/projects/result_portal_laravel/vendor/laravel/framework/src/Illuminate/Foundation/Application.php(239): Illuminate\\Foundation\\Bootstrap\\BootProviders->bootstrap(Object(Illuminate\\Foundation\\Application))
#37 /Users/innovin/Documents/projects/result_portal_laravel/vendor/laravel/framework/src/Illuminate/Foundation/Console/Kernel.php(310): Illuminate\\Foundation\\Application->bootstrapWith(Array)
#38 /Users/innovin/Documents/projects/result_portal_laravel/vendor/laravel/framework/src/Illuminate/Foundation/Console/Kernel.php(127): Illuminate\\Foundation\\Console\\Kernel->bootstrap()
#39 /Users/innovin/Documents/projects/result_portal_laravel/artisan(37): Illuminate\\Foundation\\Console\\Kernel->handle(Object(Symfony\\Component\\Console\\Input\\ArgvInput), Object(Symfony\\Component\\Console\\Output\\ConsoleOutput))
#40 {main}
"} 
[2023-12-31 20:03:32] local.ERROR: SQLSTATE[HY000] [1049] Unknown database 'result_laravel' (SQL: select * from `settings` limit 1) {"exception":"[object] (Illuminate\\Database\\QueryException(code: 1049): SQLSTATE[HY000] [1049] Unknown database 'result_laravel' (SQL: select * from `settings` limit 1) at /Users/innovin/Documents/projects/result_portal_laravel/vendor/laravel/framework/src/Illuminate/Database/Connection.php:759)
[stacktrace]
#0 /Users/innovin/Documents/projects/result_portal_laravel/vendor/laravel/framework/src/Illuminate/Database/Connection.php(719): Illuminate\\Database\\Connection->runQueryCallback('select * from `...', Array, Object(Closure))
#1 /Users/innovin/Documents/projects/result_portal_laravel/vendor/laravel/framework/src/Illuminate/Database/Connection.php(421): Illuminate\\Database\\Connection->run('select * from `...', Array, Object(Closure))
#2 /Users/innovin/Documents/projects/result_portal_laravel/vendor/laravel/framework/src/Illuminate/Database/Query/Builder.php(2630): Illuminate\\Database\\Connection->select('select * from `...', Array, true)
#3 /Users/innovin/Documents/projects/result_portal_laravel/vendor/laravel/framework/src/Illuminate/Database/Query/Builder.php(2618): Illuminate\\Database\\Query\\Builder->runSelect()
#4 /Users/innovin/Documents/projects/result_portal_laravel/vendor/laravel/framework/src/Illuminate/Database/Query/Builder.php(3154): Illuminate\\Database\\Query\\Builder->Illuminate\\Database\\Query\\{closure}()
#5 /Users/innovin/Documents/projects/result_portal_laravel/vendor/laravel/framework/src/Illuminate/Database/Query/Builder.php(2619): Illuminate\\Database\\Query\\Builder->onceWithColumns(Array, Object(Closure))
#6 /Users/innovin/Documents/projects/result_portal_laravel/vendor/laravel/framework/src/Illuminate/Database/Eloquent/Builder.php(699): Illuminate\\Database\\Query\\Builder->get(Array)
#7 /Users/innovin/Documents/projects/result_portal_laravel/vendor/laravel/framework/src/Illuminate/Database/Eloquent/Builder.php(683): Illuminate\\Database\\Eloquent\\Builder->getModels(Array)
#8 /Users/innovin/Documents/projects/result_portal_laravel/vendor/laravel/framework/src/Illuminate/Database/Concerns/BuildsQueries.php(296): Illuminate\\Database\\Eloquent\\Builder->get(Array)
#9 /Users/innovin/Documents/projects/result_portal_laravel/vendor/laravel/framework/src/Illuminate/Support/Traits/ForwardsCalls.php(23): Illuminate\\Database\\Eloquent\\Builder->first()
#10 /Users/innovin/Documents/projects/result_portal_laravel/vendor/laravel/framework/src/Illuminate/Database/Eloquent/Model.php(2191): Illuminate\\Database\\Eloquent\\Model->forwardCallTo(Object(Illuminate\\Database\\Eloquent\\Builder), 'first', Array)
#11 /Users/innovin/Documents/projects/result_portal_laravel/vendor/laravel/framework/src/Illuminate/Database/Eloquent/Model.php(2203): Illuminate\\Database\\Eloquent\\Model->__call('first', Array)
#12 /Users/innovin/Documents/projects/result_portal_laravel/app/Providers/AppServiceProvider.php(31): Illuminate\\Database\\Eloquent\\Model::__callStatic('first', Array)
#13 /Users/innovin/Documents/projects/result_portal_laravel/vendor/laravel/framework/src/Illuminate/Container/BoundMethod.php(36): App\\Providers\\AppServiceProvider->boot()
#14 /Users/innovin/Documents/projects/result_portal_laravel/vendor/laravel/framework/src/Illuminate/Container/Util.php(41): Illuminate\\Container\\BoundMethod::Illuminate\\Container\\{closure}()
#15 /Users/innovin/Documents/projects/result_portal_laravel/vendor/laravel/framework/src/Illuminate/Container/BoundMethod.php(93): Illuminate\\Container\\Util::unwrapIfClosure(Object(Closure))
#16 /Users/innovin/Documents/projects/result_portal_laravel/vendor/laravel/framework/src/Illuminate/Container/BoundMethod.php(37): Illuminate\\Container\\BoundMethod::callBoundMethod(Object(Illuminate\\Foundation\\Application), Array, Object(Closure))
#17 /Users/innovin/Documents/projects/result_portal_laravel/vendor/laravel/framework/src/Illuminate/Container/Container.php(651): Illuminate\\Container\\BoundMethod::call(Object(Illuminate\\Foundation\\Application), Array, Array, NULL)
#18 /Users/innovin/Documents/projects/result_portal_laravel/vendor/laravel/framework/src/Illuminate/Foundation/Application.php(930): Illuminate\\Container\\Container->call(Array)
#19 /Users/innovin/Documents/projects/result_portal_laravel/vendor/laravel/framework/src/Illuminate/Foundation/Application.php(911): Illuminate\\Foundation\\Application->bootProvider(Object(App\\Providers\\AppServiceProvider))
#20 [internal function]: Illuminate\\Foundation\\Application->Illuminate\\Foundation\\{closure}(Object(App\\Providers\\AppServiceProvider), 20)
#21 /Users/innovin/Documents/projects/result_portal_laravel/vendor/laravel/framework/src/Illuminate/Foundation/Application.php(912): array_walk(Array, Object(Closure))
#22 /Users/innovin/Documents/projects/result_portal_laravel/vendor/laravel/framework/src/Illuminate/Foundation/Bootstrap/BootProviders.php(17): Illuminate\\Foundation\\Application->boot()
#23 /Users/innovin/Documents/projects/result_portal_laravel/vendor/laravel/framework/src/Illuminate/Foundation/Application.php(239): Illuminate\\Foundation\\Bootstrap\\BootProviders->bootstrap(Object(Illuminate\\Foundation\\Application))
#24 /Users/innovin/Documents/projects/result_portal_laravel/vendor/laravel/framework/src/Illuminate/Foundation/Console/Kernel.php(310): Illuminate\\Foundation\\Application->bootstrapWith(Array)
#25 /Users/innovin/Documents/projects/result_portal_laravel/vendor/laravel/framework/src/Illuminate/Foundation/Console/Kernel.php(127): Illuminate\\Foundation\\Console\\Kernel->bootstrap()
#26 /Users/innovin/Documents/projects/result_portal_laravel/artisan(37): Illuminate\\Foundation\\Console\\Kernel->handle(Object(Symfony\\Component\\Console\\Input\\ArgvInput), Object(Symfony\\Component\\Console\\Output\\ConsoleOutput))
#27 {main}

[previous exception] [object] (PDOException(code: 1049): SQLSTATE[HY000] [1049] Unknown database 'result_laravel' at /Users/innovin/Documents/projects/result_portal_laravel/vendor/laravel/framework/src/Illuminate/Database/Connectors/Connector.php:70)
[stacktrace]
#0 /Users/innovin/Documents/projects/result_portal_laravel/vendor/laravel/framework/src/Illuminate/Database/Connectors/Connector.php(70): PDO->__construct('mysql:host=127....', 'root', '', Array)
#1 /Users/innovin/Documents/projects/result_portal_laravel/vendor/laravel/framework/src/Illuminate/Database/Connectors/Connector.php(46): Illuminate\\Database\\Connectors\\Connector->createPdoConnection('mysql:host=127....', 'root', '', Array)
#2 /Users/innovin/Documents/projects/result_portal_laravel/vendor/laravel/framework/src/Illuminate/Database/Connectors/MySqlConnector.php(24): Illuminate\\Database\\Connectors\\Connector->createConnection('mysql:host=127....', Array, Array)
#3 /Users/innovin/Documents/projects/result_portal_laravel/vendor/laravel/framework/src/Illuminate/Database/Connectors/ConnectionFactory.php(184): Illuminate\\Database\\Connectors\\MySqlConnector->connect(Array)
#4 [internal function]: Illuminate\\Database\\Connectors\\ConnectionFactory->Illuminate\\Database\\Connectors\\{closure}()
#5 /Users/innovin/Documents/projects/result_portal_laravel/vendor/laravel/framework/src/Illuminate/Database/Connection.php(1168): call_user_func(Object(Closure))
#6 /Users/innovin/Documents/projects/result_portal_laravel/vendor/laravel/framework/src/Illuminate/Database/Connection.php(1204): Illuminate\\Database\\Connection->getPdo()
#7 /Users/innovin/Documents/projects/result_portal_laravel/vendor/laravel/framework/src/Illuminate/Database/Connection.php(485): Illuminate\\Database\\Connection->getReadPdo()
#8 /Users/innovin/Documents/projects/result_portal_laravel/vendor/laravel/framework/src/Illuminate/Database/Connection.php(413): Illuminate\\Database\\Connection->getPdoForSelect(true)
#9 /Users/innovin/Documents/projects/result_portal_laravel/vendor/laravel/framework/src/Illuminate/Database/Connection.php(752): Illuminate\\Database\\Connection->Illuminate\\Database\\{closure}('select * from `...', Array)
#10 /Users/innovin/Documents/projects/result_portal_laravel/vendor/laravel/framework/src/Illuminate/Database/Connection.php(719): Illuminate\\Database\\Connection->runQueryCallback('select * from `...', Array, Object(Closure))
#11 /Users/innovin/Documents/projects/result_portal_laravel/vendor/laravel/framework/src/Illuminate/Database/Connection.php(421): Illuminate\\Database\\Connection->run('select * from `...', Array, Object(Closure))
#12 /Users/innovin/Documents/projects/result_portal_laravel/vendor/laravel/framework/src/Illuminate/Database/Query/Builder.php(2630): Illuminate\\Database\\Connection->select('select * from `...', Array, true)
#13 /Users/innovin/Documents/projects/result_portal_laravel/vendor/laravel/framework/src/Illuminate/Database/Query/Builder.php(2618): Illuminate\\Database\\Query\\Builder->runSelect()
#14 /Users/innovin/Documents/projects/result_portal_laravel/vendor/laravel/framework/src/Illuminate/Database/Query/Builder.php(3154): Illuminate\\Database\\Query\\Builder->Illuminate\\Database\\Query\\{closure}()
#15 /Users/innovin/Documents/projects/result_portal_laravel/vendor/laravel/framework/src/Illuminate/Database/Query/Builder.php(2619): Illuminate\\Database\\Query\\Builder->onceWithColumns(Array, Object(Closure))
#16 /Users/innovin/Documents/projects/result_portal_laravel/vendor/laravel/framework/src/Illuminate/Database/Eloquent/Builder.php(699): Illuminate\\Database\\Query\\Builder->get(Array)
#17 /Users/innovin/Documents/projects/result_portal_laravel/vendor/laravel/framework/src/Illuminate/Database/Eloquent/Builder.php(683): Illuminate\\Database\\Eloquent\\Builder->getModels(Array)
#18 /Users/innovin/Documents/projects/result_portal_laravel/vendor/laravel/framework/src/Illuminate/Database/Concerns/BuildsQueries.php(296): Illuminate\\Database\\Eloquent\\Builder->get(Array)
#19 /Users/innovin/Documents/projects/result_portal_laravel/vendor/laravel/framework/src/Illuminate/Support/Traits/ForwardsCalls.php(23): Illuminate\\Database\\Eloquent\\Builder->first()
#20 /Users/innovin/Documents/projects/result_portal_laravel/vendor/laravel/framework/src/Illuminate/Database/Eloquent/Model.php(2191): Illuminate\\Database\\Eloquent\\Model->forwardCallTo(Object(Illuminate\\Database\\Eloquent\\Builder), 'first', Array)
#21 /Users/innovin/Documents/projects/result_portal_laravel/vendor/laravel/framework/src/Illuminate/Database/Eloquent/Model.php(2203): Illuminate\\Database\\Eloquent\\Model->__call('first', Array)
#22 /Users/innovin/Documents/projects/result_portal_laravel/app/Providers/AppServiceProvider.php(31): Illuminate\\Database\\Eloquent\\Model::__callStatic('first', Array)
#23 /Users/innovin/Documents/projects/result_portal_laravel/vendor/laravel/framework/src/Illuminate/Container/BoundMethod.php(36): App\\Providers\\AppServiceProvider->boot()
#24 /Users/innovin/Documents/projects/result_portal_laravel/vendor/laravel/framework/src/Illuminate/Container/Util.php(41): Illuminate\\Container\\BoundMethod::Illuminate\\Container\\{closure}()
#25 /Users/innovin/Documents/projects/result_portal_laravel/vendor/laravel/framework/src/Illuminate/Container/BoundMethod.php(93): Illuminate\\Container\\Util::unwrapIfClosure(Object(Closure))
#26 /Users/innovin/Documents/projects/result_portal_laravel/vendor/laravel/framework/src/Illuminate/Container/BoundMethod.php(37): Illuminate\\Container\\BoundMethod::callBoundMethod(Object(Illuminate\\Foundation\\Application), Array, Object(Closure))
#27 /Users/innovin/Documents/projects/result_portal_laravel/vendor/laravel/framework/src/Illuminate/Container/Container.php(651): Illuminate\\Container\\BoundMethod::call(Object(Illuminate\\Foundation\\Application), Array, Array, NULL)
#28 /Users/innovin/Documents/projects/result_portal_laravel/vendor/laravel/framework/src/Illuminate/Foundation/Application.php(930): Illuminate\\Container\\Container->call(Array)
#29 /Users/innovin/Documents/projects/result_portal_laravel/vendor/laravel/framework/src/Illuminate/Foundation/Application.php(911): Illuminate\\Foundation\\Application->bootProvider(Object(App\\Providers\\AppServiceProvider))
#30 [internal function]: Illuminate\\Foundation\\Application->Illuminate\\Foundation\\{closure}(Object(App\\Providers\\AppServiceProvider), 20)
#31 /Users/innovin/Documents/projects/result_portal_laravel/vendor/laravel/framework/src/Illuminate/Foundation/Application.php(912): array_walk(Array, Object(Closure))
#32 /Users/innovin/Documents/projects/result_portal_laravel/vendor/laravel/framework/src/Illuminate/Foundation/Bootstrap/BootProviders.php(17): Illuminate\\Foundation\\Application->boot()
#33 /Users/innovin/Documents/projects/result_portal_laravel/vendor/laravel/framework/src/Illuminate/Foundation/Application.php(239): Illuminate\\Foundation\\Bootstrap\\BootProviders->bootstrap(Object(Illuminate\\Foundation\\Application))
#34 /Users/innovin/Documents/projects/result_portal_laravel/vendor/laravel/framework/src/Illuminate/Foundation/Console/Kernel.php(310): Illuminate\\Foundation\\Application->bootstrapWith(Array)
#35 /Users/innovin/Documents/projects/result_portal_laravel/vendor/laravel/framework/src/Illuminate/Foundation/Console/Kernel.php(127): Illuminate\\Foundation\\Console\\Kernel->bootstrap()
#36 /Users/innovin/Documents/projects/result_portal_laravel/artisan(37): Illuminate\\Foundation\\Console\\Kernel->handle(Object(Symfony\\Component\\Console\\Input\\ArgvInput), Object(Symfony\\Component\\Console\\Output\\ConsoleOutput))
#37 {main}
"} 
